<results>
	<unknown file='test_01_results.xml'>Missing Files to do the compare</unknown>
	<unknown file='test_02_results.xml'>Missing Files to do the compare</unknown>
	<unknown file='test_03_results.xml'>Missing Files to do the compare</unknown>
	<unknown file='test_04_results.xml'>Missing Files to do the compare</unknown>
	<unknown file='test_05_results.xml'>Missing Files to do the compare</unknown>
	<unknown file='test_06_results.xml'>Missing Files to do the compare</unknown>
	<unknown file='test_07_results.xml'>Missing Files to do the compare</unknown>
	<unknown file='test_08_results.xml'>Missing Files to do the compare</unknown>
	<unknown file='test_09_results.xml'>Missing Files to do the compare</unknown>
	<unknown file='test_10_results.xml'>Missing Files to do the compare</unknown>
</results>
