<results>
	<match file='TestCase_001_results.xml'></match>
	<match file='TestCase_002_results.xml'></match>
</results>
